<?xml version="1.0" encoding="UTF-8"?>
<!-- Generated by org.testng.reporters.JUnitReportReporter -->
<testsuite hostname="kairosHW0423" failures="0" tests="1" name="com.POM.TestPages.SearchFunctionalityTest" time="5.038" errors="0" timestamp="2023-06-16T11:00:09 IST" skipped="0">
  <testcase classname="com.POM.TestPages.SearchFunctionalityTest" name="searchfunctionalityTest" time="5.038"/>
  <system-out>
    <![CDATA[Start-searchfunctionalityTest
success-searchfunctionalityTest]]>
  </system-out>
</testsuite> <!-- com.POM.TestPages.SearchFunctionalityTest -->
