<?xml version="1.0" encoding="UTF-8"?>
<!-- Generated by org.testng.reporters.JUnitReportReporter -->
<testsuite hostname="kairosHW0423" failures="0" tests="1" name="com.POM.TestPages.SearchSuggestionsTest" time="19.349" errors="0" timestamp="2023-06-16T11:00:09 IST" skipped="0">
  <testcase classname="com.POM.TestPages.SearchSuggestionsTest" name="searchSuggestionsTest" time="19.349"/>
  <system-out>
    <![CDATA[Start-searchSuggestionsTest
success-searchSuggestionsTest]]>
  </system-out>
</testsuite> <!-- com.POM.TestPages.SearchSuggestionsTest -->
